::1 - - [22/Jan/2021:03:34:34 +0000] "GET / HTTP/1.1" 200 2 "-" "PostmanRuntime/7.26.8"
::1 - - [22/Jan/2021:03:35:06 +0000] "GET / HTTP/1.1" 200 2 "-" "PostmanRuntime/7.26.8"
::1 - - [22/Jan/2021:03:35:06 +0000] "GET / HTTP/1.1" 200 2 "-" "PostmanRuntime/7.26.8"
::1 - - [22/Jan/2021:03:54:18 +0000] "GET / HTTP/1.1" 404 25 "-" "PostmanRuntime/7.26.8"
::1 - - [22/Jan/2021:03:54:36 +0000] "GET / HTTP/1.1" 404 25 "-" "PostmanRuntime/7.26.8"
::1 - - [22/Jan/2021:03:54:50 +0000] "GET / HTTP/1.1" 404 25 "-" "PostmanRuntime/7.26.8"
::1 - - [23/Jan/2021:07:43:04 +0000] "GET / HTTP/1.1" 200 2 "-" "PostmanRuntime/7.26.10"
::1 - - [23/Jan/2021:07:43:11 +0000] "GET / HTTP/1.1" 200 6 "-" "PostmanRuntime/7.26.10"
::1 - - [23/Jan/2021:08:08:10 +0000] "POST /api/auth/register HTTP/1.1" - - "-" "PostmanRuntime/7.26.10"
::1 - - [23/Jan/2021:08:08:28 +0000] "POST /api/auth/register HTTP/1.1" 200 2 "-" "PostmanRuntime/7.26.10"
::1 - - [23/Jan/2021:08:08:51 +0000] "POST /api/auth/register HTTP/1.1" 400 21 "-" "PostmanRuntime/7.26.10"
::1 - - [01/Feb/2021:14:16:02 +0000] "POST /api/auth/register HTTP/1.1" 400 18 "-" "PostmanRuntime/7.26.10"
::1 - - [01/Feb/2021:14:16:23 +0000] "POST /api/auth/register HTTP/1.1" 400 19 "-" "PostmanRuntime/7.26.10"
::1 - - [01/Feb/2021:14:16:46 +0000] "POST /api/auth/register HTTP/1.1" 400 20 "-" "PostmanRuntime/7.26.10"
::1 - - [01/Feb/2021:14:17:05 +0000] "POST /api/auth/register HTTP/1.1" 400 20 "-" "PostmanRuntime/7.26.10"
::1 - - [01/Feb/2021:14:17:43 +0000] "POST /api/auth/register HTTP/1.1" 400 156 "-" "PostmanRuntime/7.26.10"
::1 - - [01/Feb/2021:14:19:15 +0000] "POST /api/auth/register HTTP/1.1" 200 40 "-" "PostmanRuntime/7.26.10"
::1 - - [01/Feb/2021:14:20:30 +0000] "POST /api/auth/register HTTP/1.1" 200 40 "-" "PostmanRuntime/7.26.10"
::1 - - [01/Feb/2021:14:20:34 +0000] "POST /api/auth/register HTTP/1.1" 400 20 "-" "PostmanRuntime/7.26.10"
::1 - - [01/Feb/2021:14:34:19 +0000] "POST /api/auth/register HTTP/1.1" - - "-" "PostmanRuntime/7.26.10"
::1 - - [01/Feb/2021:14:34:47 +0000] "POST /api/auth/register HTTP/1.1" - - "-" "PostmanRuntime/7.26.10"
::1 - - [01/Feb/2021:14:39:20 +0000] "POST /api/auth/register HTTP/1.1" 400 20 "-" "PostmanRuntime/7.26.10"
::1 - - [01/Feb/2021:14:39:28 +0000] "POST /api/auth/register HTTP/1.1" 400 20 "-" "PostmanRuntime/7.26.10"
::1 - - [01/Feb/2021:14:39:39 +0000] "POST /api/auth/register HTTP/1.1" 400 20 "-" "PostmanRuntime/7.26.10"
::1 - - [01/Feb/2021:14:40:07 +0000] "POST /api/auth/register HTTP/1.1" 400 20 "-" "PostmanRuntime/7.26.10"
::1 - - [01/Feb/2021:14:40:34 +0000] "POST /api/auth/register HTTP/1.1" 400 20 "-" "PostmanRuntime/7.26.10"
::1 - - [01/Feb/2021:14:40:50 +0000] "POST /api/auth/register HTTP/1.1" 400 20 "-" "PostmanRuntime/7.26.10"
::1 - - [01/Feb/2021:14:41:09 +0000] "POST /api/auth/register HTTP/1.1" 200 40 "-" "PostmanRuntime/7.26.10"
::1 - - [01/Feb/2021:14:41:59 +0000] "POST /api/auth/register HTTP/1.1" 200 40 "-" "PostmanRuntime/7.26.10"
::1 - - [01/Feb/2021:14:42:01 +0000] "POST /api/auth/register HTTP/1.1" 400 20 "-" "PostmanRuntime/7.26.10"
